<?xml version="1.0" encoding="UTF-8"?>
<!-- Generated by org.testng.reporters.JUnitReportReporter -->
<testsuite skipped="0" hostname="Sakeths-MBP.austin.rr.com" name="SampleQG.AskDelete" tests="1" failures="0" timestamp="07 Jan 2021 23:14:08 GMT" time="36.933" errors="0">
  <testcase name="AskDeleteVerifyTest" time="36.933" classname="SampleQG.AskDelete"/>
</testsuite> <!-- SampleQG.AskDelete -->
