<?xml version="1.0" encoding="UTF-8"?>
<!-- Generated by org.testng.reporters.JUnitReportReporter -->
<testsuite skipped="0" hostname="Sakeths-MBP.austin.rr.com" name="SampleQG.AskAnswerCheckFeed" tests="1" failures="0" timestamp="07 Jan 2021 23:14:08 GMT" time="43.678" errors="0">
  <testcase name="AskAnswerCheckFeedTest" time="43.678" classname="SampleQG.AskAnswerCheckFeed"/>
</testsuite> <!-- SampleQG.AskAnswerCheckFeed -->
