<?xml version="1.0" encoding="UTF-8"?>
<!-- Generated by org.testng.reporters.JUnitReportReporter -->
<testsuite skipped="0" hostname="Sakeths-MBP.austin.rr.com" name="SampleQG.RegisterRandomNewUser" tests="1" failures="0" timestamp="07 Jan 2021 23:14:08 GMT" time="9.075" errors="0">
  <testcase name="RegisterRandomNewUserTest" time="9.075" classname="SampleQG.RegisterRandomNewUser"/>
</testsuite> <!-- SampleQG.RegisterRandomNewUser -->
